2025-04-02 22:45:08,393 - INFO:
Arquivo de log iniciado com sucesso!

2025-04-02 22:45:08,394 - INFO:
*********************************************************

Iniciando leitura das configurações...

2025-04-02 22:45:08,396 - INFO:
Configurações:
max_logs = 5

2025-04-02 22:45:08,396 - INFO:
Configurações lidas com sucesso!

2025-04-02 22:45:08,396 - INFO:
*********************************************************

Iniciando limpeza dos logs antigos...

2025-04-02 22:45:08,397 - INFO:
Quantidade de logs excedida!

2025-04-02 22:45:08,406 - INFO:
Log removido: logs\log__02-04-2025__14-59-18__a28b948439a243448cdd6e7b875fcaee.log

2025-04-02 22:45:08,406 - INFO:
Limpeza dos logs antigos finalizada com sucesso!

2025-04-02 22:45:08,407 - INFO:
*********************************************************

Inciando backup da VM: ZABBIX_OLT

2025-04-02 22:45:08,407 - INFO:
Abrindo o script de backup no powershell...

2025-04-02 22:45:10,135 - INFO:
Backup concluído com sucesso!

2025-04-02 22:45:10,135 - INFO:
Retorno da execução do powershell:
Iniciando script de backup...
Elevando acesso do script para Administrador...


Diretório: C:\vm_backups


Mode                 LastWriteTime         Length Name                                                                                                                              
----                 -------------         ------ ----                                                                                                                              
d-----        02/04/2025     22:45                ZABBIX_OLT_bkp

2025-04-02 22:45:10,136 - INFO:
#########################################################

Programa finalizado com sucesso!

#########################################################

