2025-04-02 14:56:15,180 - INFO:
Arquivo de log iniciado com sucesso!

2025-04-02 14:56:15,181 - INFO:
*********************************************************

Iniciando leitura das configurações...

2025-04-02 14:56:15,182 - INFO:
Configurações:
max_logs = 5

2025-04-02 14:56:15,183 - INFO:
Configurações lidas com sucesso!

2025-04-02 14:56:15,183 - INFO:
*********************************************************

Iniciando limpeza dos logs antigos...

2025-04-02 14:56:15,188 - INFO:
Quantidade de logs excedida!

2025-04-02 14:56:15,198 - INFO:
Log removido: logs\log__02-04-2025__14-50-03__5b018bbd8eb1412e975ecee1731c48bd.log

2025-04-02 14:56:15,198 - INFO:
Limpeza dos logs antigos finalizada com sucesso!

2025-04-02 14:56:18,767 - INFO:
#########################################################

Programa finalizado com sucesso!

#########################################################

