2025-04-02 14:56:56,943 - INFO:
Arquivo de log iniciado com sucesso!

2025-04-02 14:56:56,943 - INFO:
*********************************************************

Iniciando leitura das configurações...

2025-04-02 14:56:56,945 - INFO:
Configurações:
max_logs = 5

2025-04-02 14:56:56,945 - INFO:
Configurações lidas com sucesso!

2025-04-02 14:56:56,946 - INFO:
*********************************************************

Iniciando limpeza dos logs antigos...

2025-04-02 14:56:56,946 - INFO:
Quantidade de logs excedida!

2025-04-02 14:56:56,956 - INFO:
Log removido: logs\log__02-04-2025__14-50-24__4e877b54d3b94b509bf03448713e2e71.log

2025-04-02 14:56:56,956 - INFO:
Limpeza dos logs antigos finalizada com sucesso!

2025-04-02 14:57:00,607 - INFO:
#########################################################

Programa finalizado com sucesso!

#########################################################

