2025-04-02 22:45:29,073 - INFO:
Arquivo de log iniciado com sucesso!

2025-04-02 22:45:29,074 - INFO:
*********************************************************

Iniciando leitura das configurações...

2025-04-02 22:45:29,075 - INFO:
Configurações:
max_logs = 5

2025-04-02 22:45:29,075 - INFO:
Configurações lidas com sucesso!

2025-04-02 22:45:29,075 - INFO:
*********************************************************

Iniciando limpeza dos logs antigos...

2025-04-02 22:45:29,076 - INFO:
Quantidade de logs excedida!

2025-04-02 22:45:29,086 - INFO:
Log removido: logs\log__02-04-2025__22-42-43__bccbf0006c1343029d97771524f6fdb9.log

2025-04-02 22:45:29,086 - INFO:
Limpeza dos logs antigos finalizada com sucesso!

2025-04-02 22:45:29,086 - INFO:
*********************************************************

Inciando backup da VM: ZABBIX_OLT

2025-04-02 22:45:29,086 - INFO:
Abrindo o script de backup no powershell...

2025-04-02 22:45:30,583 - INFO:
Backup concluído com sucesso!

2025-04-02 22:45:30,585 - INFO:
Retorno da execução do powershell:
Iniciando script de backup...
Elevando acesso do script para Administrador...


Diretório: C:\vm_backups


Mode                 LastWriteTime         Length Name                                                                                                                              
----                 -------------         ------ ----                                                                                                                              
d-----        02/04/2025     22:45                ZABBIX_OLT_bkp

2025-04-02 22:45:30,586 - INFO:
#########################################################

Programa finalizado com sucesso!

#########################################################

