2025-04-02 14:55:08,324 - INFO:
Arquivo de log iniciado com sucesso!

2025-04-02 14:55:08,324 - INFO:
*********************************************************

Iniciando leitura das configurações...

2025-04-02 14:55:08,326 - INFO:
Configurações:
max_logs = 5

2025-04-02 14:55:08,326 - INFO:
Configurações lidas com sucesso!

2025-04-02 14:55:08,326 - INFO:
*********************************************************

Iniciando limpeza dos logs antigos...

2025-04-02 14:55:08,327 - INFO:
Quantidade de logs excedida!

2025-04-02 14:55:08,337 - INFO:
Log removido: logs\log__02-04-2025__14-46-57__2a4c3296a87b49ffb54b2a70176e044e.log

2025-04-02 14:55:08,337 - INFO:
Limpeza dos logs antigos finalizada com sucesso!

2025-04-02 14:55:11,812 - INFO:
#########################################################

Programa finalizado com sucesso!

#########################################################

