2025-04-02 14:57:33,195 - INFO:
Arquivo de log iniciado com sucesso!

2025-04-02 14:57:33,196 - INFO:
*********************************************************

Iniciando leitura das configurações...

2025-04-02 14:57:33,197 - INFO:
Configurações:
max_logs = 5

2025-04-02 14:57:33,198 - INFO:
Configurações lidas com sucesso!

2025-04-02 14:57:33,198 - INFO:
*********************************************************

Iniciando limpeza dos logs antigos...

2025-04-02 14:57:33,199 - INFO:
Quantidade de logs excedida!

2025-04-02 14:57:33,209 - INFO:
Log removido: logs\log__02-04-2025__14-50-30__b2e7bd161b44493ba2417a184513fa65.log

2025-04-02 14:57:33,209 - INFO:
Limpeza dos logs antigos finalizada com sucesso!

2025-04-02 14:57:36,759 - INFO:
#########################################################

Programa finalizado com sucesso!

#########################################################

