2025-04-02 14:59:18,412 - INFO:
Arquivo de log iniciado com sucesso!

2025-04-02 14:59:18,413 - INFO:
*********************************************************

Iniciando leitura das configurações...

2025-04-02 14:59:18,414 - INFO:
Configurações:
max_logs = 5

2025-04-02 14:59:18,415 - INFO:
Configurações lidas com sucesso!

2025-04-02 14:59:18,415 - INFO:
*********************************************************

Iniciando limpeza dos logs antigos...

2025-04-02 14:59:18,416 - INFO:
Quantidade de logs excedida!

2025-04-02 14:59:18,426 - INFO:
Log removido: logs\log__02-04-2025__14-50-45__8663ab3f51b346699988d6cc68e671e3.log

2025-04-02 14:59:18,426 - INFO:
Limpeza dos logs antigos finalizada com sucesso!

2025-04-02 14:59:22,282 - INFO:
#########################################################

Programa finalizado com sucesso!

#########################################################

